
> medical-evidence-frontend@0.1.0 start
> react-scripts start

(node:49514) [DEP_WEBPACK_DEV_SERVER_ON_AFTER_SETUP_MIDDLEWARE] DeprecationWarning: 'onAfterSetupMiddleware' option is deprecated. Please use the 'setupMiddlewares' option.
(Use `node --trace-deprecation ...` to show where the warning was created)
(node:49514) [DEP_WEBPACK_DEV_SERVER_ON_BEFORE_SETUP_MIDDLEWARE] DeprecationWarning: 'onBeforeSetupMiddleware' option is deprecated. Please use the 'setupMiddlewares' option.
Starting the development server...

Compiled successfully!

You can now view medical-evidence-frontend in the browser.

  Local:            http://localhost:3000
  On Your Network:  http://192.168.1.111:3000

Note that the development build is not optimized.
To create a production build, use npm run build.

webpack compiled successfully
Compiling...
Compiled with warnings.

[eslint] 
src/components/Input/SearchInput.jsx
  Line 2:35:  'X' is defined but never used  no-unused-vars

Search for the keywords to learn more about each warning.
To ignore, add // eslint-disable-next-line to the line before.

WARNING in [eslint] 
src/components/Input/SearchInput.jsx
  Line 2:35:  'X' is defined but never used  no-unused-vars

webpack compiled with 1 warning
Compiling...
Compiled with warnings.

[eslint] 
src/components/Input/SearchInput.jsx
  Line 2:35:  'X' is defined but never used  no-unused-vars

Search for the keywords to learn more about each warning.
To ignore, add // eslint-disable-next-line to the line before.

WARNING in [eslint] 
src/components/Input/SearchInput.jsx
  Line 2:35:  'X' is defined but never used  no-unused-vars

webpack compiled with 1 warning
Compiling...
Compiled with warnings.

[eslint] 
src/components/Chat/AssistantMessage.jsx
  Line 23:41:  Headings must have content and the content must be accessible by a screen reader  jsx-a11y/heading-has-content
  Line 24:41:  Headings must have content and the content must be accessible by a screen reader  jsx-a11y/heading-has-content
  Line 25:41:  Headings must have content and the content must be accessible by a screen reader  jsx-a11y/heading-has-content
  Line 26:41:  Headings must have content and the content must be accessible by a screen reader  jsx-a11y/heading-has-content

src/components/Input/SearchInput.jsx
  Line 2:35:  'X' is defined but never used  no-unused-vars

Search for the keywords to learn more about each warning.
To ignore, add // eslint-disable-next-line to the line before.

WARNING in [eslint] 
src/components/Chat/AssistantMessage.jsx
  Line 23:41:  Headings must have content and the content must be accessible by a screen reader  jsx-a11y/heading-has-content
  Line 24:41:  Headings must have content and the content must be accessible by a screen reader  jsx-a11y/heading-has-content
  Line 25:41:  Headings must have content and the content must be accessible by a screen reader  jsx-a11y/heading-has-content
  Line 26:41:  Headings must have content and the content must be accessible by a screen reader  jsx-a11y/heading-has-content

src/components/Input/SearchInput.jsx
  Line 2:35:  'X' is defined but never used  no-unused-vars

webpack compiled with 1 warning
